<?xml version="1.0" encoding="UTF-8"?>
<!-- Generated by org.testng.reporters.JUnitXMLReporter -->
<testsuite hostname="LAPTOP-0MN3989B" ignored="0" name="Surefire test" tests="5" failures="0" timestamp="2020-01-20T15:41:32 IST" time="82.462" errors="0">
  <testcase name="homePageTitleTest" time="0.016" classname="com.qa.rediff.testcases.RediffHomePageTest"/>
  <testcase name="verifyUserNameTest" time="0.095" classname="com.qa.rediff.testcases.RediffLoggedInPageTest"/>
  <testcase name="loginPageTest" time="6.286" classname="com.qa.rediff.testcases.RediffLoginTest"/>
  <testcase name="loginPageTitleTest" time="0.013" classname="com.qa.rediff.testcases.RediffLoginTest"/>
  <testcase name="logoutPageTest" time="7.444" classname="com.qa.rediff.testcases.RediffLoginTest"/>
</testsuite> <!-- Surefire test -->
