<?xml version="1.0" encoding="UTF-8"?>
<!-- Generated by org.testng.reporters.JUnitXMLReporter -->
<testsuite hostname="LAPTOP-0MN3989B" ignored="0" name="Default test" tests="3" failures="0" timestamp="2020-01-20T14:39:02 IST" time="49.881" errors="0">
  <testcase name="loginPageTest" time="6.974" classname="com.qa.rediff.testcases.RediffLoginTest"/>
  <testcase name="loginPageTitleTest" time="0.013" classname="com.qa.rediff.testcases.RediffLoginTest"/>
  <testcase name="logoutPageTest" time="19.765" classname="com.qa.rediff.testcases.RediffLoginTest"/>
</testsuite> <!-- Default test -->
