<?xml version="1.0" encoding="UTF-8"?>
<!-- Generated by org.testng.reporters.JUnitXMLReporter -->
<testsuite hostname="LAPTOP-0MN3989B" ignored="0" name="Command line test" tests="2" failures="0" timestamp="2020-01-12T11:18:14 IST" time="15.011" errors="0">
  <testcase name="loginPageTest" time="0.964" classname="com.qa.rediff.testcases.RediffLoginTest"/>
  <testcase name="loginPageTitleTest" time="0.02" classname="com.qa.rediff.testcases.RediffLoginTest"/>
</testsuite> <!-- Command line test -->
