<?xml version="1.0" encoding="UTF-8"?>
<testng-results skipped="0" failed="0" ignored="0" total="5" passed="5">
  <reporter-output>
  </reporter-output>
  <suite name="Surefire suite" duration-ms="82462" started-at="2020-01-20T15:40:09 IST" finished-at="2020-01-20T15:41:32 IST">
    <groups>
    </groups>
    <test name="Surefire test" duration-ms="82462" started-at="2020-01-20T15:40:09 IST" finished-at="2020-01-20T15:41:32 IST">
      <class name="com.qa.rediff.testcases.RediffHomePageTest">
        <test-method status="PASS" signature="setUp()[pri:0, instance:com.qa.rediff.testcases.RediffHomePageTest@3abbfa04]" name="setUp" is-config="true" duration-ms="26645" started-at="2020-01-20T15:40:09 IST" finished-at="2020-01-20T15:40:36 IST">
          <reporter-output>
          </reporter-output>
        </test-method> <!-- setUp -->
        <test-method status="PASS" signature="homePageTitleTest()[pri:0, instance:com.qa.rediff.testcases.RediffHomePageTest@3abbfa04]" name="homePageTitleTest" duration-ms="16" started-at="2020-01-20T15:40:36 IST" finished-at="2020-01-20T15:40:36 IST">
          <reporter-output>
          </reporter-output>
        </test-method> <!-- homePageTitleTest -->
        <test-method status="PASS" signature="tearDown()[pri:0, instance:com.qa.rediff.testcases.RediffHomePageTest@3abbfa04]" name="tearDown" is-config="true" duration-ms="790" started-at="2020-01-20T15:40:36 IST" finished-at="2020-01-20T15:40:37 IST">
          <reporter-output>
          </reporter-output>
        </test-method> <!-- tearDown -->
      </class> <!-- com.qa.rediff.testcases.RediffHomePageTest -->
      <class name="com.qa.rediff.testcases.RediffLoggedInPageTest">
        <test-method status="PASS" signature="setUp()[pri:0, instance:com.qa.rediff.testcases.RediffLoggedInPageTest@57fffcd7]" name="setUp" is-config="true" duration-ms="21826" started-at="2020-01-20T15:40:37 IST" finished-at="2020-01-20T15:40:58 IST">
          <reporter-output>
          </reporter-output>
        </test-method> <!-- setUp -->
        <test-method status="PASS" signature="verifyUserNameTest()[pri:0, instance:com.qa.rediff.testcases.RediffLoggedInPageTest@57fffcd7]" name="verifyUserNameTest" duration-ms="95" started-at="2020-01-20T15:40:58 IST" finished-at="2020-01-20T15:40:59 IST">
          <reporter-output>
          </reporter-output>
        </test-method> <!-- verifyUserNameTest -->
        <test-method status="PASS" signature="tearDown()[pri:0, instance:com.qa.rediff.testcases.RediffLoggedInPageTest@57fffcd7]" name="tearDown" is-config="true" duration-ms="795" started-at="2020-01-20T15:40:59 IST" finished-at="2020-01-20T15:40:59 IST">
          <reporter-output>
          </reporter-output>
        </test-method> <!-- tearDown -->
      </class> <!-- com.qa.rediff.testcases.RediffLoggedInPageTest -->
      <class name="com.qa.rediff.testcases.RediffLoginTest">
        <test-method status="PASS" signature="setUp()[pri:0, instance:com.qa.rediff.testcases.RediffLoginTest@31ef45e3]" name="setUp" is-config="true" duration-ms="6236" started-at="2020-01-20T15:40:59 IST" finished-at="2020-01-20T15:41:06 IST">
          <reporter-output>
          </reporter-output>
        </test-method> <!-- setUp -->
        <test-method status="PASS" signature="loginPageTest()[pri:0, instance:com.qa.rediff.testcases.RediffLoginTest@31ef45e3]" name="loginPageTest" duration-ms="6286" started-at="2020-01-20T15:41:06 IST" finished-at="2020-01-20T15:41:12 IST">
          <reporter-output>
          </reporter-output>
        </test-method> <!-- loginPageTest -->
        <test-method status="PASS" signature="tearDown()[pri:0, instance:com.qa.rediff.testcases.RediffLoginTest@31ef45e3]" name="tearDown" is-config="true" duration-ms="896" started-at="2020-01-20T15:41:12 IST" finished-at="2020-01-20T15:41:13 IST">
          <reporter-output>
          </reporter-output>
        </test-method> <!-- tearDown -->
        <test-method status="PASS" signature="setUp()[pri:0, instance:com.qa.rediff.testcases.RediffLoginTest@31ef45e3]" name="setUp" is-config="true" duration-ms="5017" started-at="2020-01-20T15:41:13 IST" finished-at="2020-01-20T15:41:18 IST">
          <reporter-output>
          </reporter-output>
        </test-method> <!-- setUp -->
        <test-method status="PASS" signature="loginPageTitleTest()[pri:0, instance:com.qa.rediff.testcases.RediffLoginTest@31ef45e3]" name="loginPageTitleTest" duration-ms="13" started-at="2020-01-20T15:41:18 IST" finished-at="2020-01-20T15:41:18 IST">
          <reporter-output>
          </reporter-output>
        </test-method> <!-- loginPageTitleTest -->
        <test-method status="PASS" signature="tearDown()[pri:0, instance:com.qa.rediff.testcases.RediffLoginTest@31ef45e3]" name="tearDown" is-config="true" duration-ms="809" started-at="2020-01-20T15:41:18 IST" finished-at="2020-01-20T15:41:19 IST">
          <reporter-output>
          </reporter-output>
        </test-method> <!-- tearDown -->
        <test-method status="PASS" signature="setUp()[pri:0, instance:com.qa.rediff.testcases.RediffLoginTest@31ef45e3]" name="setUp" is-config="true" duration-ms="4730" started-at="2020-01-20T15:41:19 IST" finished-at="2020-01-20T15:41:23 IST">
          <reporter-output>
          </reporter-output>
        </test-method> <!-- setUp -->
        <test-method status="PASS" signature="logoutPageTest()[pri:0, instance:com.qa.rediff.testcases.RediffLoginTest@31ef45e3]" name="logoutPageTest" duration-ms="7444" started-at="2020-01-20T15:41:23 IST" finished-at="2020-01-20T15:41:31 IST">
          <reporter-output>
          </reporter-output>
        </test-method> <!-- logoutPageTest -->
        <test-method status="PASS" signature="tearDown()[pri:0, instance:com.qa.rediff.testcases.RediffLoginTest@31ef45e3]" name="tearDown" is-config="true" duration-ms="793" started-at="2020-01-20T15:41:31 IST" finished-at="2020-01-20T15:41:32 IST">
          <reporter-output>
          </reporter-output>
        </test-method> <!-- tearDown -->
      </class> <!-- com.qa.rediff.testcases.RediffLoginTest -->
    </test> <!-- Surefire test -->
  </suite> <!-- Surefire suite -->
</testng-results>
