<?xml version="1.0" encoding="UTF-8"?>
<testng-results skipped="0" failed="0" ignored="0" total="3" passed="3">
  <reporter-output>
  </reporter-output>
  <suite name="Default suite" duration-ms="49881" started-at="2020-01-20T14:38:12 IST" finished-at="2020-01-20T14:39:02 IST">
    <groups>
    </groups>
    <test name="Default test" duration-ms="49881" started-at="2020-01-20T14:38:12 IST" finished-at="2020-01-20T14:39:02 IST">
      <class name="com.qa.rediff.testcases.RediffLoginTest">
        <test-method status="PASS" signature="setUp()[pri:0, instance:com.qa.rediff.testcases.RediffLoginTest@43814d18]" name="setUp" is-config="true" duration-ms="8983" started-at="2020-01-20T14:38:12 IST" finished-at="2020-01-20T14:38:21 IST">
          <reporter-output>
          </reporter-output>
        </test-method> <!-- setUp -->
        <test-method status="PASS" signature="loginPageTest()[pri:0, instance:com.qa.rediff.testcases.RediffLoginTest@43814d18]" name="loginPageTest" duration-ms="6974" started-at="2020-01-20T14:38:21 IST" finished-at="2020-01-20T14:38:28 IST">
          <reporter-output>
          </reporter-output>
        </test-method> <!-- loginPageTest -->
        <test-method status="PASS" signature="tearDown()[pri:0, instance:com.qa.rediff.testcases.RediffLoginTest@43814d18]" name="tearDown" is-config="true" duration-ms="1222" started-at="2020-01-20T14:38:28 IST" finished-at="2020-01-20T14:38:29 IST">
          <reporter-output>
          </reporter-output>
        </test-method> <!-- tearDown -->
        <test-method status="PASS" signature="setUp()[pri:0, instance:com.qa.rediff.testcases.RediffLoginTest@43814d18]" name="setUp" is-config="true" duration-ms="6014" started-at="2020-01-20T14:38:29 IST" finished-at="2020-01-20T14:38:35 IST">
          <reporter-output>
          </reporter-output>
        </test-method> <!-- setUp -->
        <test-method status="PASS" signature="loginPageTitleTest()[pri:0, instance:com.qa.rediff.testcases.RediffLoginTest@43814d18]" name="loginPageTitleTest" duration-ms="13" started-at="2020-01-20T14:38:35 IST" finished-at="2020-01-20T14:38:35 IST">
          <reporter-output>
          </reporter-output>
        </test-method> <!-- loginPageTitleTest -->
        <test-method status="PASS" signature="tearDown()[pri:0, instance:com.qa.rediff.testcases.RediffLoginTest@43814d18]" name="tearDown" is-config="true" duration-ms="745" started-at="2020-01-20T14:38:35 IST" finished-at="2020-01-20T14:38:36 IST">
          <reporter-output>
          </reporter-output>
        </test-method> <!-- tearDown -->
        <test-method status="PASS" signature="setUp()[pri:0, instance:com.qa.rediff.testcases.RediffLoginTest@43814d18]" name="setUp" is-config="true" duration-ms="5229" started-at="2020-01-20T14:38:36 IST" finished-at="2020-01-20T14:38:41 IST">
          <reporter-output>
          </reporter-output>
        </test-method> <!-- setUp -->
        <test-method status="PASS" signature="logoutPageTest()[pri:0, instance:com.qa.rediff.testcases.RediffLoginTest@43814d18]" name="logoutPageTest" duration-ms="19765" started-at="2020-01-20T14:38:41 IST" finished-at="2020-01-20T14:39:01 IST">
          <reporter-output>
          </reporter-output>
        </test-method> <!-- logoutPageTest -->
        <test-method status="PASS" signature="tearDown()[pri:0, instance:com.qa.rediff.testcases.RediffLoginTest@43814d18]" name="tearDown" is-config="true" duration-ms="859" started-at="2020-01-20T14:39:01 IST" finished-at="2020-01-20T14:39:02 IST">
          <reporter-output>
          </reporter-output>
        </test-method> <!-- tearDown -->
      </class> <!-- com.qa.rediff.testcases.RediffLoginTest -->
    </test> <!-- Default test -->
  </suite> <!-- Default suite -->
</testng-results>
